2025-05-07 13:33:42,212 - INFO - Epoch 1/100 loss 0.5064
2025-05-07 13:34:28,588 - INFO - Epoch 2/100 loss 0.5338
2025-05-07 13:35:15,056 - INFO - Epoch 3/100 loss 0.5104
2025-05-07 13:36:01,437 - INFO - Epoch 4/100 loss 0.4993
2025-05-07 13:36:47,831 - INFO - Epoch 5/100 loss 0.5165
2025-05-07 13:37:38,829 - INFO - Epoch 6/100 loss 0.5003
2025-05-07 13:38:29,760 - INFO - Epoch 7/100 loss 0.4952
2025-05-07 13:39:20,667 - INFO - Epoch 8/100 loss 0.5077
2025-05-07 13:40:11,557 - INFO - Epoch 9/100 loss 0.5152
2025-05-07 13:41:02,492 - INFO - Epoch 10/100 loss 0.5154
2025-05-07 13:41:05,126 - INFO - [Test 1] Label: 0, Raw Output: -0.16
2025-05-07 13:41:05,126 - INFO - [Test 2] Label: 1, Raw Output: -0.16
2025-05-07 13:41:07,280 - INFO - [Test 3] Label: 0, Raw Output: -0.17
2025-05-07 13:41:07,280 - INFO - [Test 4] Label: 1, Raw Output: -0.16
2025-05-07 13:41:09,904 - INFO - [Test 5] Label: 0, Raw Output: -0.16
2025-05-07 13:41:09,904 - INFO - [Test 6] Label: 1, Raw Output: -0.16
2025-05-07 13:41:12,525 - INFO - [Test 7] Label: 0, Raw Output: -0.16
2025-05-07 13:41:12,525 - INFO - [Test 8] Label: 1, Raw Output: -0.16
2025-05-07 13:41:15,169 - INFO - [Test 9] Label: 0, Raw Output: -0.16
2025-05-07 13:41:15,169 - INFO - [Test 10] Label: 1, Raw Output: -0.16
2025-05-07 13:41:15,175 - INFO - eval acc=0.50 f1=0.00 auc=0.8400000000000001
[[5 0]
 [5 0]]
2025-05-07 13:42:06,102 - INFO - Epoch 11/100 loss 0.5098
2025-05-07 13:42:56,959 - INFO - Epoch 12/100 loss 0.5123
2025-05-07 13:43:47,908 - INFO - Epoch 13/100 loss 0.5050
2025-05-07 13:44:38,846 - INFO - Epoch 14/100 loss 0.4938
2025-05-07 13:45:29,783 - INFO - Epoch 15/100 loss 0.4710
2025-05-07 13:46:20,693 - INFO - Epoch 16/100 loss 0.4944
2025-05-07 13:47:11,599 - INFO - Epoch 17/100 loss 0.4678
2025-05-07 13:48:02,543 - INFO - Epoch 18/100 loss 0.4637
2025-05-07 13:48:53,413 - INFO - Epoch 19/100 loss 0.5048
2025-05-07 13:49:44,362 - INFO - Epoch 20/100 loss 0.4937
2025-05-07 13:49:46,986 - INFO - [Test 1] Label: 0, Raw Output: -0.68
2025-05-07 13:49:46,986 - INFO - [Test 2] Label: 1, Raw Output: 0.49
2025-05-07 13:49:49,147 - INFO - [Test 3] Label: 0, Raw Output: -0.71
2025-05-07 13:49:49,147 - INFO - [Test 4] Label: 1, Raw Output: -0.68
2025-05-07 13:49:51,780 - INFO - [Test 5] Label: 0, Raw Output: -0.68
2025-05-07 13:49:51,780 - INFO - [Test 6] Label: 1, Raw Output: 0.50
2025-05-07 13:49:54,412 - INFO - [Test 7] Label: 0, Raw Output: -0.68
2025-05-07 13:49:54,412 - INFO - [Test 8] Label: 1, Raw Output: -0.71
2025-05-07 13:49:57,049 - INFO - [Test 9] Label: 0, Raw Output: -0.70
2025-05-07 13:49:57,049 - INFO - [Test 10] Label: 1, Raw Output: 0.50
2025-05-07 13:49:57,055 - INFO - eval acc=0.80 f1=0.75 auc=0.72
[[5 0]
 [2 3]]
2025-05-07 13:50:47,965 - INFO - Epoch 21/100 loss 0.4762
2025-05-07 13:51:38,872 - INFO - Epoch 22/100 loss 0.4908
2025-05-07 13:52:29,736 - INFO - Epoch 23/100 loss 0.4772
2025-05-07 13:53:20,635 - INFO - Epoch 24/100 loss 0.4805
2025-05-07 13:54:11,481 - INFO - Epoch 25/100 loss 0.4588
2025-05-07 13:55:02,394 - INFO - Epoch 26/100 loss 0.4853
2025-05-07 13:55:53,305 - INFO - Epoch 27/100 loss 0.4783
2025-05-07 13:56:44,232 - INFO - Epoch 28/100 loss 0.5014
2025-05-07 13:57:35,161 - INFO - Epoch 29/100 loss 0.4719
2025-05-07 13:58:26,077 - INFO - Epoch 30/100 loss 0.4551
2025-05-07 13:58:28,699 - INFO - [Test 1] Label: 0, Raw Output: -1.00
2025-05-07 13:58:28,699 - INFO - [Test 2] Label: 1, Raw Output: 0.31
2025-05-07 13:58:30,839 - INFO - [Test 3] Label: 0, Raw Output: -1.00
2025-05-07 13:58:30,840 - INFO - [Test 4] Label: 1, Raw Output: -1.00
2025-05-07 13:58:33,467 - INFO - [Test 5] Label: 0, Raw Output: -1.00
2025-05-07 13:58:33,467 - INFO - [Test 6] Label: 1, Raw Output: 0.32
2025-05-07 13:58:36,092 - INFO - [Test 7] Label: 0, Raw Output: -1.00
2025-05-07 13:58:36,092 - INFO - [Test 8] Label: 1, Raw Output: -1.00
2025-05-07 13:58:38,757 - INFO - [Test 9] Label: 0, Raw Output: -1.00
2025-05-07 13:58:38,757 - INFO - [Test 10] Label: 1, Raw Output: 0.25
2025-05-07 13:58:38,765 - INFO - eval acc=0.80 f1=0.75 auc=0.9600000000000001
[[5 0]
 [2 3]]
2025-05-07 13:59:29,681 - INFO - Epoch 31/100 loss 0.4677
2025-05-07 14:00:20,579 - INFO - Epoch 32/100 loss 0.4830
2025-05-07 14:01:11,449 - INFO - Epoch 33/100 loss 0.4586
2025-05-07 14:02:02,340 - INFO - Epoch 34/100 loss 0.4746
2025-05-07 14:02:53,240 - INFO - Epoch 35/100 loss 0.4615
2025-05-07 14:03:44,050 - INFO - Epoch 36/100 loss 0.4814
2025-05-07 14:04:34,788 - INFO - Epoch 37/100 loss 0.4447
2025-05-07 14:05:25,522 - INFO - Epoch 38/100 loss 0.4707
2025-05-07 14:06:16,240 - INFO - Epoch 39/100 loss 0.4742
2025-05-07 14:07:06,976 - INFO - Epoch 40/100 loss 0.4484
2025-05-07 14:07:09,589 - INFO - [Test 1] Label: 0, Raw Output: -0.97
2025-05-07 14:07:09,589 - INFO - [Test 2] Label: 1, Raw Output: -0.99
2025-05-07 14:07:11,727 - INFO - [Test 3] Label: 0, Raw Output: -1.00
2025-05-07 14:07:11,728 - INFO - [Test 4] Label: 1, Raw Output: -0.96
2025-05-07 14:07:14,338 - INFO - [Test 5] Label: 0, Raw Output: -0.98
2025-05-07 14:07:14,338 - INFO - [Test 6] Label: 1, Raw Output: -0.97
2025-05-07 14:07:16,952 - INFO - [Test 7] Label: 0, Raw Output: -0.97
2025-05-07 14:07:16,952 - INFO - [Test 8] Label: 1, Raw Output: -1.00
2025-05-07 14:07:19,565 - INFO - [Test 9] Label: 0, Raw Output: -0.98
2025-05-07 14:07:19,565 - INFO - [Test 10] Label: 1, Raw Output: -0.28
2025-05-07 14:07:19,570 - INFO - eval acc=0.50 f1=0.00 auc=0.56
[[5 0]
 [5 0]]
2025-05-07 14:08:10,281 - INFO - Epoch 41/100 loss 0.4427
2025-05-07 14:09:00,971 - INFO - Epoch 42/100 loss 0.4457
2025-05-07 14:09:51,671 - INFO - Epoch 43/100 loss 0.4422
2025-05-07 14:10:42,414 - INFO - Epoch 44/100 loss 0.4686
2025-05-07 14:11:33,170 - INFO - Epoch 45/100 loss 0.4509
2025-05-07 14:12:23,926 - INFO - Epoch 46/100 loss 0.4364
2025-05-07 14:13:14,695 - INFO - Epoch 47/100 loss 0.4557
2025-05-07 14:14:05,438 - INFO - Epoch 48/100 loss 0.4596
2025-05-07 14:14:56,131 - INFO - Epoch 49/100 loss 0.4580
2025-05-07 14:15:46,862 - INFO - Epoch 50/100 loss 0.4425
2025-05-07 14:15:49,478 - INFO - [Test 1] Label: 0, Raw Output: -1.00
2025-05-07 14:15:49,478 - INFO - [Test 2] Label: 1, Raw Output: -1.13
2025-05-07 14:15:51,622 - INFO - [Test 3] Label: 0, Raw Output: -1.13
2025-05-07 14:15:51,622 - INFO - [Test 4] Label: 1, Raw Output: -0.63
2025-05-07 14:15:54,242 - INFO - [Test 5] Label: 0, Raw Output: -1.03
2025-05-07 14:15:54,242 - INFO - [Test 6] Label: 1, Raw Output: -1.13
2025-05-07 14:15:56,857 - INFO - [Test 7] Label: 0, Raw Output: -0.99
2025-05-07 14:15:56,858 - INFO - [Test 8] Label: 1, Raw Output: -1.12
2025-05-07 14:15:59,484 - INFO - [Test 9] Label: 0, Raw Output: -1.09
2025-05-07 14:15:59,485 - INFO - [Test 10] Label: 1, Raw Output: -0.06
2025-05-07 14:15:59,490 - INFO - eval acc=0.50 f1=0.00 auc=0.44000000000000006
[[5 0]
 [5 0]]
2025-05-07 14:16:50,198 - INFO - Epoch 51/100 loss 0.4308
2025-05-07 14:17:40,916 - INFO - Epoch 52/100 loss 0.4672
2025-05-07 14:18:31,632 - INFO - Epoch 53/100 loss 0.4411
2025-05-07 14:19:22,355 - INFO - Epoch 54/100 loss 0.4722
2025-05-07 14:20:13,071 - INFO - Epoch 55/100 loss 0.4371
2025-05-07 14:21:03,727 - INFO - Epoch 56/100 loss 0.4485
2025-05-07 14:21:54,444 - INFO - Epoch 57/100 loss 0.4289
2025-05-07 14:22:45,152 - INFO - Epoch 58/100 loss 0.4386
2025-05-07 14:23:35,861 - INFO - Epoch 59/100 loss 0.4454
2025-05-07 14:24:26,551 - INFO - Epoch 60/100 loss 0.4494
2025-05-07 14:24:29,169 - INFO - [Test 1] Label: 0, Raw Output: -0.34
2025-05-07 14:24:29,170 - INFO - [Test 2] Label: 1, Raw Output: 1.31
2025-05-07 14:24:31,302 - INFO - [Test 3] Label: 0, Raw Output: -1.23
2025-05-07 14:24:31,302 - INFO - [Test 4] Label: 1, Raw Output: -0.14
2025-05-07 14:24:33,924 - INFO - [Test 5] Label: 0, Raw Output: -0.78
2025-05-07 14:24:33,924 - INFO - [Test 6] Label: 1, Raw Output: 0.29
2025-05-07 14:24:36,537 - INFO - [Test 7] Label: 0, Raw Output: -0.32
2025-05-07 14:24:36,538 - INFO - [Test 8] Label: 1, Raw Output: -1.23
2025-05-07 14:24:39,149 - INFO - [Test 9] Label: 0, Raw Output: -1.20
2025-05-07 14:24:39,149 - INFO - [Test 10] Label: 1, Raw Output: -0.11
2025-05-07 14:24:39,154 - INFO - eval acc=0.70 f1=0.57 auc=0.8400000000000001
[[5 0]
 [3 2]]
2025-05-07 14:25:29,827 - INFO - Epoch 61/100 loss 0.4401
2025-05-07 14:26:20,532 - INFO - Epoch 62/100 loss 0.4349
2025-05-07 14:27:11,256 - INFO - Epoch 63/100 loss 0.4218
2025-05-07 14:28:01,995 - INFO - Epoch 64/100 loss 0.4382
2025-05-07 14:28:52,688 - INFO - Epoch 65/100 loss 0.4316
2025-05-07 14:29:43,390 - INFO - Epoch 66/100 loss 0.4454
2025-05-07 14:30:34,079 - INFO - Epoch 67/100 loss 0.4425
2025-05-07 14:31:24,762 - INFO - Epoch 68/100 loss 0.4487
2025-05-07 14:32:15,419 - INFO - Epoch 69/100 loss 0.4014
2025-05-07 14:33:06,105 - INFO - Epoch 70/100 loss 0.4547
2025-05-07 14:33:08,724 - INFO - [Test 1] Label: 0, Raw Output: -1.24
2025-05-07 14:33:08,724 - INFO - [Test 2] Label: 1, Raw Output: 1.46
2025-05-07 14:33:10,860 - INFO - [Test 3] Label: 0, Raw Output: -1.25
2025-05-07 14:33:10,860 - INFO - [Test 4] Label: 1, Raw Output: -0.18
2025-05-07 14:33:13,469 - INFO - [Test 5] Label: 0, Raw Output: -1.25
2025-05-07 14:33:13,469 - INFO - [Test 6] Label: 1, Raw Output: 1.43
2025-05-07 14:33:16,091 - INFO - [Test 7] Label: 0, Raw Output: -1.24
2025-05-07 14:33:16,091 - INFO - [Test 8] Label: 1, Raw Output: -1.25
2025-05-07 14:33:18,708 - INFO - [Test 9] Label: 0, Raw Output: -1.25
2025-05-07 14:33:18,708 - INFO - [Test 10] Label: 1, Raw Output: -0.13
2025-05-07 14:33:18,713 - INFO - eval acc=0.70 f1=0.57 auc=0.8400000000000001
[[5 0]
 [3 2]]
2025-05-07 14:34:09,322 - INFO - Epoch 71/100 loss 0.4111
2025-05-07 14:35:00,059 - INFO - Epoch 72/100 loss 0.4523
2025-05-07 14:35:50,736 - INFO - Epoch 73/100 loss 0.4219
2025-05-07 14:36:41,423 - INFO - Epoch 74/100 loss 0.4422
2025-05-07 14:37:32,107 - INFO - Epoch 75/100 loss 0.4322
2025-05-07 14:38:22,702 - INFO - Epoch 76/100 loss 0.4660
2025-05-07 14:39:13,412 - INFO - Epoch 77/100 loss 0.4274
2025-05-07 14:40:04,075 - INFO - Epoch 78/100 loss 0.4422
2025-05-07 14:40:54,766 - INFO - Epoch 79/100 loss 0.4470
2025-05-07 14:41:45,436 - INFO - Epoch 80/100 loss 0.4276
2025-05-07 14:41:48,051 - INFO - [Test 1] Label: 0, Raw Output: -1.13
2025-05-07 14:41:48,051 - INFO - [Test 2] Label: 1, Raw Output: -1.14
2025-05-07 14:41:50,183 - INFO - [Test 3] Label: 0, Raw Output: -1.14
2025-05-07 14:41:50,183 - INFO - [Test 4] Label: 1, Raw Output: -1.12
2025-05-07 14:41:52,793 - INFO - [Test 5] Label: 0, Raw Output: -1.13
2025-05-07 14:41:52,793 - INFO - [Test 6] Label: 1, Raw Output: -1.09
2025-05-07 14:41:55,403 - INFO - [Test 7] Label: 0, Raw Output: -1.13
2025-05-07 14:41:55,403 - INFO - [Test 8] Label: 1, Raw Output: -1.14
2025-05-07 14:41:58,016 - INFO - [Test 9] Label: 0, Raw Output: -1.14
2025-05-07 14:41:58,016 - INFO - [Test 10] Label: 1, Raw Output: -0.05
2025-05-07 14:41:58,021 - INFO - eval acc=0.50 f1=0.00 auc=0.6399999999999999
[[5 0]
 [5 0]]
2025-05-07 14:42:48,697 - INFO - Epoch 81/100 loss 0.4724
2025-05-07 14:43:39,396 - INFO - Epoch 82/100 loss 0.4513
2025-05-07 14:44:30,096 - INFO - Epoch 83/100 loss 0.4528
2025-05-07 14:45:20,799 - INFO - Epoch 84/100 loss 0.4521
2025-05-07 14:46:11,496 - INFO - Epoch 85/100 loss 0.4694
2025-05-07 14:47:02,167 - INFO - Epoch 86/100 loss 0.4280
2025-05-07 14:47:52,840 - INFO - Epoch 87/100 loss 0.4566
2025-05-07 14:48:43,582 - INFO - Epoch 88/100 loss 0.4774
2025-05-07 14:49:34,322 - INFO - Epoch 89/100 loss 0.4710
2025-05-07 14:50:24,943 - INFO - Epoch 90/100 loss 0.4505
2025-05-07 14:50:27,556 - INFO - [Test 1] Label: 0, Raw Output: -1.07
2025-05-07 14:50:27,556 - INFO - [Test 2] Label: 1, Raw Output: -1.07
2025-05-07 14:50:29,688 - INFO - [Test 3] Label: 0, Raw Output: -1.07
2025-05-07 14:50:29,688 - INFO - [Test 4] Label: 1, Raw Output: -1.07
2025-05-07 14:50:32,297 - INFO - [Test 5] Label: 0, Raw Output: -1.07
2025-05-07 14:50:32,297 - INFO - [Test 6] Label: 1, Raw Output: -0.30
2025-05-07 14:50:34,920 - INFO - [Test 7] Label: 0, Raw Output: -1.07
2025-05-07 14:50:34,921 - INFO - [Test 8] Label: 1, Raw Output: -1.07
2025-05-07 14:50:37,557 - INFO - [Test 9] Label: 0, Raw Output: -1.07
2025-05-07 14:50:37,557 - INFO - [Test 10] Label: 1, Raw Output: 0.33
2025-05-07 14:50:37,562 - INFO - eval acc=0.60 f1=0.33 auc=0.92
[[5 0]
 [4 1]]
2025-05-07 14:51:28,219 - INFO - Epoch 91/100 loss 0.4294
2025-05-07 14:52:18,799 - INFO - Epoch 92/100 loss 0.4227
2025-05-07 14:53:09,479 - INFO - Epoch 93/100 loss 0.4182
2025-05-07 14:54:00,053 - INFO - Epoch 94/100 loss 0.4355
2025-05-07 14:54:50,739 - INFO - Epoch 95/100 loss 0.4584
2025-05-07 14:55:41,408 - INFO - Epoch 96/100 loss 0.4611
2025-05-07 14:56:32,097 - INFO - Epoch 97/100 loss 0.4284
2025-05-07 14:57:22,813 - INFO - Epoch 98/100 loss 0.4317
2025-05-07 14:58:13,498 - INFO - Epoch 99/100 loss 0.4217
2025-05-07 14:59:04,186 - INFO - Epoch 100/100 loss 0.4670
2025-05-07 14:59:06,801 - INFO - [Test 1] Label: 0, Raw Output: -1.20
2025-05-07 14:59:06,801 - INFO - [Test 2] Label: 1, Raw Output: 0.02
2025-05-07 14:59:08,935 - INFO - [Test 3] Label: 0, Raw Output: -1.21
2025-05-07 14:59:08,935 - INFO - [Test 4] Label: 1, Raw Output: 1.19
2025-05-07 14:59:11,554 - INFO - [Test 5] Label: 0, Raw Output: -1.21
2025-05-07 14:59:11,554 - INFO - [Test 6] Label: 1, Raw Output: 0.15
2025-05-07 14:59:14,168 - INFO - [Test 7] Label: 0, Raw Output: -1.20
2025-05-07 14:59:14,168 - INFO - [Test 8] Label: 1, Raw Output: -1.21
2025-05-07 14:59:16,810 - INFO - [Test 9] Label: 0, Raw Output: -1.21
2025-05-07 14:59:16,810 - INFO - [Test 10] Label: 1, Raw Output: 0.10
2025-05-07 14:59:16,815 - INFO - eval acc=0.90 f1=0.89 auc=0.8400000000000001
[[5 0]
 [1 4]]
